<?xml version="1.0" encoding="UTF-8"?>
<testsuite xmlns:xsi="http://www.w3.org/2001/XMLSchema-instance" xsi:noNamespaceSchemaLocation="https://maven.apache.org/surefire/maven-surefire-plugin/xsd/surefire-test-report.xsd" name="cucumber.Options.TestRunner" time="3.143" tests="4" errors="1" skipped="0" failures="0">
  <properties>
[...]
</properties>
  <testcase name="Verify if Place is being successfully added using AddPlaceAPI #1" classname="Validating Place API&apos;s" time="2.245"/>
  <testcase name="Verify if Place is being successfully added using AddPlaceAPI #2" classname="Validating Place API&apos;s" time="0.226"/>
  <testcase name="Verify if Place is being successfully added using AddPlaceAPI #3" classname="Validating Place API&apos;s" time="0.228"/>
  <testcase name="Verify if delete place functionality is working" classname="Validating Place API&apos;s" time="0.01">
    <error message="Cannot invoke &quot;io.restassured.specification.RequestSpecification.when()&quot; because &quot;this.res&quot; is null" type="java.lang.NullPointerException">java.lang.NullPointerException: Cannot invoke "io.restassured.specification.RequestSpecification.when()" because "this.res" is null
</error>
    <system-out><![CDATA[/maps/api/place/delete/json
]]></system-out>
  </testcase>
</testsuite>